<?xml version='1.0' encoding='UTF-8'?>
<testsuite hostname="PDX-L-EALDINGER" name="example.ListsSuite" tests="14" errors="0" failures="0" time="0.026">
                     <properties>
[...]
</properties>
                     <testcase classname="example.ListsSuite" name="one plus one is two" time="0.012">
                                                 
                                               </testcase><testcase classname="example.ListsSuite" name="one plus one is three?" time="0.0">
                                                 
                                               </testcase><testcase classname="example.ListsSuite" name="details why one plus one is not three" time="0.003">
                                                 
                                               </testcase><testcase classname="example.ListsSuite" name="intNotZero throws an exception if its argument is 0" time="0.0">
                                                 
                                               </testcase><testcase classname="example.ListsSuite" name="sum of a few numbers" time="0.002">
                                                 
                                               </testcase><testcase classname="example.ListsSuite" name="max of a few numbers" time="0.001">
                                                 
                                               </testcase><testcase classname="example.ListsSuite" name="sum with negative numbers" time="0.0">
                                                 
                                               </testcase><testcase classname="example.ListsSuite" name="max with negative numbers" time="0.0">
                                                 
                                               </testcase><testcase classname="example.ListsSuite" name="sum with zero" time="0.0">
                                                 
                                               </testcase><testcase classname="example.ListsSuite" name="max of zero" time="0.001">
                                                 
                                               </testcase><testcase classname="example.ListsSuite" name="sum of empty set" time="0.0">
                                                 
                                               </testcase><testcase classname="example.ListsSuite" name="max of empty set" time="0.006">
                                                 
                                               </testcase><testcase classname="example.ListsSuite" name="repeated max numbers" time="0.0">
                                                 
                                               </testcase><testcase classname="example.ListsSuite" name="max of repeated numbers" time="0.001">
                                                 
                                               </testcase>
                     <system-out></system-out>
                     <system-err></system-err>
                   </testsuite>