<?xml version='1.0' encoding='UTF-8'?>
<testsuite hostname="Gojira" name="funsets.FunSetSuite" tests="10" errors="0" failures="0" time="0.065">
                     <properties>
[...]
</properties>
                     <testcase classname="funsets.FunSetSuite" name="adding ints" time="0.02">
                                                 
                                               </testcase><testcase classname="funsets.FunSetSuite" name="contains is implemented" time="0.006">
                                                 
                                               </testcase><testcase classname="funsets.FunSetSuite" name="singletonSet(1) contains 1" time="0.006">
                                                 
                                               </testcase><testcase classname="funsets.FunSetSuite" name="union contains all elements of each set" time="0.004">
                                                 
                                               </testcase><testcase classname="funsets.FunSetSuite" name="intersect contains same elements in each set" time="0.003">
                                                 
                                               </testcase><testcase classname="funsets.FunSetSuite" name="diff contains elements not in second set" time="0.003">
                                                 
                                               </testcase><testcase classname="funsets.FunSetSuite" name="filter contains same elements in each set" time="0.003">
                                                 
                                               </testcase><testcase classname="funsets.FunSetSuite" name="forall true when all elements present" time="0.007">
                                                 
                                               </testcase><testcase classname="funsets.FunSetSuite" name="exists works when all elements present" time="0.006">
                                                 
                                               </testcase><testcase classname="funsets.FunSetSuite" name="map works" time="0.007">
                                                 
                                               </testcase>
                     <system-out></system-out>
                     <system-err></system-err>
                   </testsuite>